<?xml version="1.0" encoding="UTF-8"?>
<testsuite xmlns:xsi="http://www.w3.org/2001/XMLSchema-instance" xsi:noNamespaceSchemaLocation="https://maven.apache.org/surefire/maven-surefire-plugin/xsd/surefire-test-report.xsd" name="com.github.m1santhrop.telegrambot.command.DeleteGroupSubCommandTest" time="0.501" tests="5" errors="0" skipped="0" failures="0">
  <properties>
[...]
</properties>
  <testcase name="shouldProperlyReturnSubscriptionList" classname="com.github.m1santhrop.telegrambot.command.DeleteGroupSubCommandTest" time="0.028"/>
  <testcase name="shouldProperlyDeleteByGroupId" classname="com.github.m1santhrop.telegrambot.command.DeleteGroupSubCommandTest" time="0.008"/>
  <testcase name="shouldRejectByInvalidGroupId" classname="com.github.m1santhrop.telegrambot.command.DeleteGroupSubCommandTest" time="0.001"/>
  <testcase name="shouldProperlyReturnEmptySubscriptionList" classname="com.github.m1santhrop.telegrambot.command.DeleteGroupSubCommandTest" time="0.001"/>
  <testcase name="shouldDoesNotExistByGroupId" classname="com.github.m1santhrop.telegrambot.command.DeleteGroupSubCommandTest" time="0.001"/>
</testsuite>